19:07:22 **** Build of configuration Default for project OpenCV Sample - face-detection ****
/ndk-build.cmd 
Cannot run program "/ndk-build.cmd": Unknown reason

Error: Program "/ndk-build.cmd" not found in PATH
PATH=[/usr/local/bin:/usr/bin:/bin:/usr/local/games:/usr/games]
19:07:23 **** Build of configuration Default for project OpenCV Sample - native-activity ****
/ndk-build.cmd 
Cannot run program "/ndk-build.cmd": Unknown reason

Error: Program "/ndk-build.cmd" not found in PATH
PATH=[/usr/local/bin:/usr/bin:/bin:/usr/local/games:/usr/games]
19:07:23 **** Build of configuration Default for project OpenCV Tutorial 2 - Mixed Processing ****
/ndk-build.cmd 
Cannot run program "/ndk-build.cmd": Unknown reason

Error: Program "/ndk-build.cmd" not found in PATH
PATH=[/usr/local/bin:/usr/bin:/bin:/usr/local/games:/usr/games]
19:07:26 **** Auto Build of configuration Default for project OpenCV Sample - face-detection ****
/ndk-build.cmd 
Cannot run program "/ndk-build.cmd": Unknown reason

Error: Program "/ndk-build.cmd" not found in PATH
PATH=[/usr/local/bin:/usr/bin:/bin:/usr/local/games:/usr/games]
19:07:26 **** Auto Build of configuration Default for project OpenCV Sample - face-detection ****
/ndk-build.cmd 
Cannot run program "/ndk-build.cmd": Unknown reason

Error: Program "/ndk-build.cmd" not found in PATH
PATH=[/usr/local/bin:/usr/bin:/bin:/usr/local/games:/usr/games]
19:07:27 **** Auto Build of configuration Default for project OpenCV Sample - face-detection ****
/ndk-build.cmd 
Cannot run program "/ndk-build.cmd": Unknown reason

Error: Program "/ndk-build.cmd" not found in PATH
PATH=[/usr/local/bin:/usr/bin:/bin:/usr/local/games:/usr/games]
19:07:27 **** Auto Build of configuration Default for project OpenCV Sample - native-activity ****
/ndk-build.cmd 
Cannot run program "/ndk-build.cmd": Unknown reason

Error: Program "/ndk-build.cmd" not found in PATH
PATH=[/usr/local/bin:/usr/bin:/bin:/usr/local/games:/usr/games]
19:07:27 **** Auto Build of configuration Default for project OpenCV Sample - face-detection ****
/ndk-build.cmd 
Cannot run program "/ndk-build.cmd": Unknown reason

Error: Program "/ndk-build.cmd" not found in PATH
PATH=[/usr/local/bin:/usr/bin:/bin:/usr/local/games:/usr/games]
19:07:27 **** Auto Build of configuration Default for project OpenCV Sample - native-activity ****
/ndk-build.cmd 
Cannot run program "/ndk-build.cmd": Unknown reason

Error: Program "/ndk-build.cmd" not found in PATH
PATH=[/usr/local/bin:/usr/bin:/bin:/usr/local/games:/usr/games]
19:07:27 **** Auto Build of configuration Default for project OpenCV Sample - native-activity ****
/ndk-build.cmd 
Cannot run program "/ndk-build.cmd": Unknown reason

Error: Program "/ndk-build.cmd" not found in PATH
PATH=[/usr/local/bin:/usr/bin:/bin:/usr/local/games:/usr/games]
19:07:27 **** Auto Build of configuration Default for project OpenCV Tutorial 2 - Mixed Processing ****
/ndk-build.cmd 
Cannot run program "/ndk-build.cmd": Unknown reason

Error: Program "/ndk-build.cmd" not found in PATH
PATH=[/usr/local/bin:/usr/bin:/bin:/usr/local/games:/usr/games]
19:07:28 **** Auto Build of configuration Default for project OpenCV Sample - native-activity ****
/ndk-build.cmd 
Cannot run program "/ndk-build.cmd": Unknown reason

Error: Program "/ndk-build.cmd" not found in PATH
PATH=[/usr/local/bin:/usr/bin:/bin:/usr/local/games:/usr/games]
19:07:28 **** Auto Build of configuration Default for project OpenCV Tutorial 2 - Mixed Processing ****
/ndk-build.cmd 
Cannot run program "/ndk-build.cmd": Unknown reason

Error: Program "/ndk-build.cmd" not found in PATH
PATH=[/usr/local/bin:/usr/bin:/bin:/usr/local/games:/usr/games]
19:07:28 **** Auto Build of configuration Default for project OpenCV Tutorial 2 - Mixed Processing ****
/ndk-build.cmd 
Cannot run program "/ndk-build.cmd": Unknown reason

Error: Program "/ndk-build.cmd" not found in PATH
PATH=[/usr/local/bin:/usr/bin:/bin:/usr/local/games:/usr/games]
19:07:29 **** Auto Build of configuration Default for project OpenCV Tutorial 2 - Mixed Processing ****
/ndk-build.cmd 
Cannot run program "/ndk-build.cmd": Unknown reason

Error: Program "/ndk-build.cmd" not found in PATH
PATH=[/usr/local/bin:/usr/bin:/bin:/usr/local/games:/usr/games]
19:09:12 **** Auto Build of configuration Default for project OpenCV Sample - face-detection ****
/ndk-build.cmd 
Cannot run program "/ndk-build.cmd": Unknown reason

Error: Program "/ndk-build.cmd" not found in PATH
PATH=[/usr/local/bin:/usr/bin:/bin:/usr/local/games:/usr/games]
19:09:16 **** Auto Build of configuration Default for project OpenCV Sample - native-activity ****
/ndk-build.cmd 
Cannot run program "/ndk-build.cmd": Unknown reason

Error: Program "/ndk-build.cmd" not found in PATH
PATH=[/usr/local/bin:/usr/bin:/bin:/usr/local/games:/usr/games]
09:44:02 **** Auto Build of configuration Default for project OpenCV Sample - face-detection ****
/ndk-build.cmd 
Cannot run program "/ndk-build.cmd": Unknown reason

Error: Program "/ndk-build.cmd" not found in PATH
PATH=[/usr/local/bin:/usr/bin:/bin:/usr/local/games:/usr/games]
09:44:02 **** Auto Build of configuration Default for project OpenCV Sample - native-activity ****
/ndk-build.cmd 
Cannot run program "/ndk-build.cmd": Unknown reason

Error: Program "/ndk-build.cmd" not found in PATH
PATH=[/usr/local/bin:/usr/bin:/bin:/usr/local/games:/usr/games]
09:44:05 **** Build of configuration Default for project OpenCV Tutorial 2 - Mixed Processing ****
/ndk-build.cmd 
Cannot run program "/ndk-build.cmd": Unknown reason

Error: Program "/ndk-build.cmd" not found in PATH
PATH=[/usr/local/bin:/usr/bin:/bin:/usr/local/games:/usr/games]
09:44:06 **** Build of configuration Default for project OpenCV Sample - face-detection ****
/ndk-build.cmd 
Cannot run program "/ndk-build.cmd": Unknown reason

Error: Program "/ndk-build.cmd" not found in PATH
PATH=[/usr/local/bin:/usr/bin:/bin:/usr/local/games:/usr/games]
09:44:06 **** Build of configuration Default for project OpenCV Sample - native-activity ****
/ndk-build.cmd 
Cannot run program "/ndk-build.cmd": Unknown reason

Error: Program "/ndk-build.cmd" not found in PATH
PATH=[/usr/local/bin:/usr/bin:/bin:/usr/local/games:/usr/games]
09:44:16 **** Auto Build of configuration Default for project OpenCV Sample - face-detection ****
/ndk-build.cmd 
Cannot run program "/ndk-build.cmd": Unknown reason

Error: Program "/ndk-build.cmd" not found in PATH
PATH=[/usr/local/bin:/usr/bin:/bin:/usr/local/games:/usr/games]
09:44:17 **** Auto Build of configuration Default for project OpenCV Sample - native-activity ****
/ndk-build.cmd 
Cannot run program "/ndk-build.cmd": Unknown reason

Error: Program "/ndk-build.cmd" not found in PATH
PATH=[/usr/local/bin:/usr/bin:/bin:/usr/local/games:/usr/games]
09:44:17 **** Auto Build of configuration Default for project OpenCV Tutorial 2 - Mixed Processing ****
/ndk-build.cmd 
Cannot run program "/ndk-build.cmd": Unknown reason

Error: Program "/ndk-build.cmd" not found in PATH
PATH=[/usr/local/bin:/usr/bin:/bin:/usr/local/games:/usr/games]
09:44:18 **** Auto Build of configuration Default for project OpenCV Sample - face-detection ****
/ndk-build.cmd 
Cannot run program "/ndk-build.cmd": Unknown reason

Error: Program "/ndk-build.cmd" not found in PATH
PATH=[/usr/local/bin:/usr/bin:/bin:/usr/local/games:/usr/games]
09:44:18 **** Auto Build of configuration Default for project OpenCV Sample - native-activity ****
/ndk-build.cmd 
Cannot run program "/ndk-build.cmd": Unknown reason

Error: Program "/ndk-build.cmd" not found in PATH
PATH=[/usr/local/bin:/usr/bin:/bin:/usr/local/games:/usr/games]
09:44:18 **** Auto Build of configuration Default for project OpenCV Tutorial 2 - Mixed Processing ****
/ndk-build.cmd 
Cannot run program "/ndk-build.cmd": Unknown reason

Error: Program "/ndk-build.cmd" not found in PATH
PATH=[/usr/local/bin:/usr/bin:/bin:/usr/local/games:/usr/games]
13:00:53 **** Auto Build of configuration Default for project OpenCV Sample - face-detection ****
/ndk-build.cmd 
Cannot run program "/ndk-build.cmd": Unknown reason

Error: Program "/ndk-build.cmd" not found in PATH
PATH=[/usr/local/bin:/usr/bin:/bin:/usr/local/games:/usr/games]
13:00:54 **** Auto Build of configuration Default for project OpenCV Sample - native-activity ****
/ndk-build.cmd 
Cannot run program "/ndk-build.cmd": Unknown reason

Error: Program "/ndk-build.cmd" not found in PATH
PATH=[/usr/local/bin:/usr/bin:/bin:/usr/local/games:/usr/games]
13:00:54 **** Auto Build of configuration Default for project OpenCV Tutorial 2 - Mixed Processing ****
/ndk-build.cmd 
Cannot run program "/ndk-build.cmd": Unknown reason

Error: Program "/ndk-build.cmd" not found in PATH
PATH=[/usr/local/bin:/usr/bin:/bin:/usr/local/games:/usr/games]
14:37:16 **** Auto Build of configuration Default for project OpenCV Sample - face-detection ****
/ndk-build.cmd 
Cannot run program "/ndk-build.cmd": Unknown reason

Error: Program "/ndk-build.cmd" not found in PATH
PATH=[/usr/local/bin:/usr/bin:/bin:/usr/local/games:/usr/games]
14:38:02 **** Incremental Build of configuration Default for project OpenCV Sample - native-activity ****
/ndk-build.cmd 
Cannot run program "/ndk-build.cmd": Unknown reason

Error: Program "/ndk-build.cmd" not found in PATH
PATH=[/usr/local/bin:/usr/bin:/bin:/usr/local/games:/usr/games]
14:38:03 **** Auto Build of configuration Default for project OpenCV Sample - native-activity ****
/ndk-build.cmd 
Cannot run program "/ndk-build.cmd": Unknown reason

Error: Program "/ndk-build.cmd" not found in PATH
PATH=[/usr/local/bin:/usr/bin:/bin:/usr/local/games:/usr/games]
15:00:27 **** Auto Build of configuration Default for project OpenCV Sample - face-detection ****
/ndk-build.cmd 
Cannot run program "/ndk-build.cmd": Unknown reason

Error: Program "/ndk-build.cmd" not found in PATH
PATH=[/usr/local/bin:/usr/bin:/bin:/usr/local/games:/usr/games]
15:00:27 **** Auto Build of configuration Default for project OpenCV Sample - native-activity ****
/ndk-build.cmd 
Cannot run program "/ndk-build.cmd": Unknown reason

Error: Program "/ndk-build.cmd" not found in PATH
PATH=[/usr/local/bin:/usr/bin:/bin:/usr/local/games:/usr/games]
15:00:29 **** Build of configuration Default for project OpenCV Tutorial 2 - Mixed Processing ****
/ndk-build.cmd 
Cannot run program "/ndk-build.cmd": Unknown reason

Error: Program "/ndk-build.cmd" not found in PATH
PATH=[/usr/local/bin:/usr/bin:/bin:/usr/local/games:/usr/games]
15:00:30 **** Build of configuration Default for project OpenCV Sample - face-detection ****
/ndk-build.cmd 
Cannot run program "/ndk-build.cmd": Unknown reason

Error: Program "/ndk-build.cmd" not found in PATH
PATH=[/usr/local/bin:/usr/bin:/bin:/usr/local/games:/usr/games]
15:00:30 **** Build of configuration Default for project OpenCV Sample - native-activity ****
/ndk-build.cmd 
Cannot run program "/ndk-build.cmd": Unknown reason

Error: Program "/ndk-build.cmd" not found in PATH
PATH=[/usr/local/bin:/usr/bin:/bin:/usr/local/games:/usr/games]
15:00:36 **** Auto Build of configuration Default for project OpenCV Sample - face-detection ****
/ndk-build.cmd 
Cannot run program "/ndk-build.cmd": Unknown reason

Error: Program "/ndk-build.cmd" not found in PATH
PATH=[/usr/local/bin:/usr/bin:/bin:/usr/local/games:/usr/games]
15:00:37 **** Auto Build of configuration Default for project OpenCV Sample - native-activity ****
/ndk-build.cmd 
Cannot run program "/ndk-build.cmd": Unknown reason

Error: Program "/ndk-build.cmd" not found in PATH
PATH=[/usr/local/bin:/usr/bin:/bin:/usr/local/games:/usr/games]
15:00:37 **** Auto Build of configuration Default for project OpenCV Tutorial 2 - Mixed Processing ****
/ndk-build.cmd 
Cannot run program "/ndk-build.cmd": Unknown reason

Error: Program "/ndk-build.cmd" not found in PATH
PATH=[/usr/local/bin:/usr/bin:/bin:/usr/local/games:/usr/games]
15:00:38 **** Auto Build of configuration Default for project OpenCV Sample - face-detection ****
/ndk-build.cmd 
Cannot run program "/ndk-build.cmd": Unknown reason

Error: Program "/ndk-build.cmd" not found in PATH
PATH=[/usr/local/bin:/usr/bin:/bin:/usr/local/games:/usr/games]
15:00:38 **** Auto Build of configuration Default for project OpenCV Sample - native-activity ****
/ndk-build.cmd 
Cannot run program "/ndk-build.cmd": Unknown reason

Error: Program "/ndk-build.cmd" not found in PATH
PATH=[/usr/local/bin:/usr/bin:/bin:/usr/local/games:/usr/games]
15:00:38 **** Auto Build of configuration Default for project OpenCV Tutorial 2 - Mixed Processing ****
/ndk-build.cmd 
Cannot run program "/ndk-build.cmd": Unknown reason

Error: Program "/ndk-build.cmd" not found in PATH
PATH=[/usr/local/bin:/usr/bin:/bin:/usr/local/games:/usr/games]
09:29:28 **** Auto Build of configuration Default for project OpenCV Sample - face-detection ****
/ndk-build.cmd 
Cannot run program "/ndk-build.cmd": Unknown reason

Error: Program "/ndk-build.cmd" not found in PATH
PATH=[/usr/local/bin:/usr/bin:/bin:/usr/local/games:/usr/games]
09:29:28 **** Auto Build of configuration Default for project OpenCV Sample - native-activity ****
/ndk-build.cmd 
Cannot run program "/ndk-build.cmd": Unknown reason

Error: Program "/ndk-build.cmd" not found in PATH
PATH=[/usr/local/bin:/usr/bin:/bin:/usr/local/games:/usr/games]
09:29:30 **** Build of configuration Default for project OpenCV Tutorial 2 - Mixed Processing ****
/ndk-build.cmd 
Cannot run program "/ndk-build.cmd": Unknown reason

Error: Program "/ndk-build.cmd" not found in PATH
PATH=[/usr/local/bin:/usr/bin:/bin:/usr/local/games:/usr/games]
09:29:30 **** Build of configuration Default for project OpenCV Sample - face-detection ****
/ndk-build.cmd 
Cannot run program "/ndk-build.cmd": Unknown reason

Error: Program "/ndk-build.cmd" not found in PATH
PATH=[/usr/local/bin:/usr/bin:/bin:/usr/local/games:/usr/games]
09:29:31 **** Build of configuration Default for project OpenCV Sample - native-activity ****
/ndk-build.cmd 
Cannot run program "/ndk-build.cmd": Unknown reason

Error: Program "/ndk-build.cmd" not found in PATH
PATH=[/usr/local/bin:/usr/bin:/bin:/usr/local/games:/usr/games]
09:29:41 **** Auto Build of configuration Default for project OpenCV Sample - face-detection ****
/ndk-build.cmd 
Cannot run program "/ndk-build.cmd": Unknown reason

Error: Program "/ndk-build.cmd" not found in PATH
PATH=[/usr/local/bin:/usr/bin:/bin:/usr/local/games:/usr/games]
09:29:41 **** Auto Build of configuration Default for project OpenCV Sample - native-activity ****
/ndk-build.cmd 
Cannot run program "/ndk-build.cmd": Unknown reason

Error: Program "/ndk-build.cmd" not found in PATH
PATH=[/usr/local/bin:/usr/bin:/bin:/usr/local/games:/usr/games]
09:29:41 **** Auto Build of configuration Default for project OpenCV Tutorial 2 - Mixed Processing ****
/ndk-build.cmd 
Cannot run program "/ndk-build.cmd": Unknown reason

Error: Program "/ndk-build.cmd" not found in PATH
PATH=[/usr/local/bin:/usr/bin:/bin:/usr/local/games:/usr/games]
09:29:43 **** Auto Build of configuration Default for project OpenCV Sample - face-detection ****
/ndk-build.cmd 
Cannot run program "/ndk-build.cmd": Unknown reason

Error: Program "/ndk-build.cmd" not found in PATH
PATH=[/usr/local/bin:/usr/bin:/bin:/usr/local/games:/usr/games]
09:29:43 **** Auto Build of configuration Default for project OpenCV Sample - native-activity ****
/ndk-build.cmd 
Cannot run program "/ndk-build.cmd": Unknown reason

Error: Program "/ndk-build.cmd" not found in PATH
PATH=[/usr/local/bin:/usr/bin:/bin:/usr/local/games:/usr/games]
09:29:43 **** Auto Build of configuration Default for project OpenCV Tutorial 2 - Mixed Processing ****
/ndk-build.cmd 
Cannot run program "/ndk-build.cmd": Unknown reason

Error: Program "/ndk-build.cmd" not found in PATH
PATH=[/usr/local/bin:/usr/bin:/bin:/usr/local/games:/usr/games]
09:29:49 **** Auto Build of configuration Default for project OpenCV Sample - face-detection ****
/ndk-build.cmd 
Cannot run program "/ndk-build.cmd": Unknown reason

Error: Program "/ndk-build.cmd" not found in PATH
PATH=[/usr/local/bin:/usr/bin:/bin:/usr/local/games:/usr/games]
09:29:49 **** Auto Build of configuration Default for project OpenCV Sample - native-activity ****
/ndk-build.cmd 
Cannot run program "/ndk-build.cmd": Unknown reason

Error: Program "/ndk-build.cmd" not found in PATH
PATH=[/usr/local/bin:/usr/bin:/bin:/usr/local/games:/usr/games]
09:29:49 **** Auto Build of configuration Default for project OpenCV Tutorial 2 - Mixed Processing ****
/ndk-build.cmd 
Cannot run program "/ndk-build.cmd": Unknown reason

Error: Program "/ndk-build.cmd" not found in PATH
PATH=[/usr/local/bin:/usr/bin:/bin:/usr/local/games:/usr/games]
12:03:22 **** Auto Build of configuration Default for project OpenCV Sample - face-detection ****
/ndk-build.cmd 
Cannot run program "/ndk-build.cmd": Unknown reason

Error: Program "/ndk-build.cmd" not found in PATH
PATH=[/usr/local/bin:/usr/bin:/bin:/usr/local/games:/usr/games]
12:03:22 **** Auto Build of configuration Default for project OpenCV Sample - native-activity ****
/ndk-build.cmd 
Cannot run program "/ndk-build.cmd": Unknown reason

Error: Program "/ndk-build.cmd" not found in PATH
PATH=[/usr/local/bin:/usr/bin:/bin:/usr/local/games:/usr/games]
12:03:25 **** Build of configuration Default for project OpenCV Tutorial 2 - Mixed Processing ****
/ndk-build.cmd 
Cannot run program "/ndk-build.cmd": Unknown reason

Error: Program "/ndk-build.cmd" not found in PATH
PATH=[/usr/local/bin:/usr/bin:/bin:/usr/local/games:/usr/games]
12:03:25 **** Build of configuration Default for project OpenCV Sample - native-activity ****
/ndk-build.cmd 
Cannot run program "/ndk-build.cmd": Unknown reason

Error: Program "/ndk-build.cmd" not found in PATH
PATH=[/usr/local/bin:/usr/bin:/bin:/usr/local/games:/usr/games]
12:03:26 **** Build of configuration Default for project OpenCV Sample - face-detection ****
/ndk-build.cmd 
Cannot run program "/ndk-build.cmd": Unknown reason

Error: Program "/ndk-build.cmd" not found in PATH
PATH=[/usr/local/bin:/usr/bin:/bin:/usr/local/games:/usr/games]
12:03:33 **** Auto Build of configuration Default for project OpenCV Sample - face-detection ****
/ndk-build.cmd 
Cannot run program "/ndk-build.cmd": Unknown reason

Error: Program "/ndk-build.cmd" not found in PATH
PATH=[/usr/local/bin:/usr/bin:/bin:/usr/local/games:/usr/games]
12:03:33 **** Auto Build of configuration Default for project OpenCV Sample - native-activity ****
/ndk-build.cmd 
Cannot run program "/ndk-build.cmd": Unknown reason

Error: Program "/ndk-build.cmd" not found in PATH
PATH=[/usr/local/bin:/usr/bin:/bin:/usr/local/games:/usr/games]
12:03:34 **** Auto Build of configuration Default for project OpenCV Tutorial 2 - Mixed Processing ****
/ndk-build.cmd 
Cannot run program "/ndk-build.cmd": Unknown reason

Error: Program "/ndk-build.cmd" not found in PATH
PATH=[/usr/local/bin:/usr/bin:/bin:/usr/local/games:/usr/games]
12:03:36 **** Auto Build of configuration Default for project OpenCV Sample - face-detection ****
/ndk-build.cmd 
Cannot run program "/ndk-build.cmd": Unknown reason

Error: Program "/ndk-build.cmd" not found in PATH
PATH=[/usr/local/bin:/usr/bin:/bin:/usr/local/games:/usr/games]
12:03:36 **** Auto Build of configuration Default for project OpenCV Sample - native-activity ****
/ndk-build.cmd 
Cannot run program "/ndk-build.cmd": Unknown reason

Error: Program "/ndk-build.cmd" not found in PATH
PATH=[/usr/local/bin:/usr/bin:/bin:/usr/local/games:/usr/games]
12:03:37 **** Auto Build of configuration Default for project OpenCV Tutorial 2 - Mixed Processing ****
/ndk-build.cmd 
Cannot run program "/ndk-build.cmd": Unknown reason

Error: Program "/ndk-build.cmd" not found in PATH
PATH=[/usr/local/bin:/usr/bin:/bin:/usr/local/games:/usr/games]
13:20:39 **** Incremental Build of configuration Default for project OpenCV Sample - face-detection ****
/ndk-build.cmd 
Cannot run program "/ndk-build.cmd": Unknown reason

Error: Program "/ndk-build.cmd" not found in PATH
PATH=[/usr/local/bin:/usr/bin:/bin:/usr/local/games:/usr/games]
13:20:39 **** Incremental Build of configuration Default for project OpenCV Sample - native-activity ****
/ndk-build.cmd 
Cannot run program "/ndk-build.cmd": Unknown reason

Error: Program "/ndk-build.cmd" not found in PATH
PATH=[/usr/local/bin:/usr/bin:/bin:/usr/local/games:/usr/games]
13:20:39 **** Incremental Build of configuration Default for project OpenCV Tutorial 2 - Mixed Processing ****
/ndk-build.cmd 
Cannot run program "/ndk-build.cmd": Unknown reason

Error: Program "/ndk-build.cmd" not found in PATH
PATH=[/usr/local/bin:/usr/bin:/bin:/usr/local/games:/usr/games]
13:33:01 **** Incremental Build of configuration Default for project OpenCV Sample - face-detection ****
/ndk-build.cmd 
Cannot run program "/ndk-build.cmd": Unknown reason

Error: Program "/ndk-build.cmd" not found in PATH
PATH=[/usr/local/bin:/usr/bin:/bin:/usr/local/games:/usr/games]
13:33:01 **** Incremental Build of configuration Default for project OpenCV Sample - native-activity ****
/ndk-build.cmd 
Cannot run program "/ndk-build.cmd": Unknown reason

Error: Program "/ndk-build.cmd" not found in PATH
PATH=[/usr/local/bin:/usr/bin:/bin:/usr/local/games:/usr/games]
13:33:01 **** Incremental Build of configuration Default for project OpenCV Tutorial 2 - Mixed Processing ****
/ndk-build.cmd 
Cannot run program "/ndk-build.cmd": Unknown reason

Error: Program "/ndk-build.cmd" not found in PATH
PATH=[/usr/local/bin:/usr/bin:/bin:/usr/local/games:/usr/games]
13:37:38 **** Build of configuration Default for project OpenCV Tutorial 2 - Mixed Processing ****
/ndk-build.cmd 
Cannot run program "/ndk-build.cmd": Unknown reason

Error: Program "/ndk-build.cmd" not found in PATH
PATH=[/usr/local/bin:/usr/bin:/bin:/usr/local/games:/usr/games]
13:37:39 **** Build of configuration Default for project OpenCV Sample - native-activity ****
/ndk-build.cmd 
Cannot run program "/ndk-build.cmd": Unknown reason

Error: Program "/ndk-build.cmd" not found in PATH
PATH=[/usr/local/bin:/usr/bin:/bin:/usr/local/games:/usr/games]
13:37:40 **** Build of configuration Default for project OpenCV Sample - face-detection ****
/ndk-build.cmd 
Cannot run program "/ndk-build.cmd": Unknown reason

Error: Program "/ndk-build.cmd" not found in PATH
PATH=[/usr/local/bin:/usr/bin:/bin:/usr/local/games:/usr/games]
13:37:46 **** Auto Build of configuration Default for project OpenCV Sample - face-detection ****
/ndk-build.cmd 
Cannot run program "/ndk-build.cmd": Unknown reason

Error: Program "/ndk-build.cmd" not found in PATH
PATH=[/usr/local/bin:/usr/bin:/bin:/usr/local/games:/usr/games]
13:37:46 **** Auto Build of configuration Default for project OpenCV Sample - native-activity ****
/ndk-build.cmd 
Cannot run program "/ndk-build.cmd": Unknown reason

Error: Program "/ndk-build.cmd" not found in PATH
PATH=[/usr/local/bin:/usr/bin:/bin:/usr/local/games:/usr/games]
13:37:47 **** Auto Build of configuration Default for project OpenCV Tutorial 2 - Mixed Processing ****
/ndk-build.cmd 
Cannot run program "/ndk-build.cmd": Unknown reason

Error: Program "/ndk-build.cmd" not found in PATH
PATH=[/usr/local/bin:/usr/bin:/bin:/usr/local/games:/usr/games]
13:37:49 **** Auto Build of configuration Default for project OpenCV Sample - face-detection ****
/ndk-build.cmd 
Cannot run program "/ndk-build.cmd": Unknown reason

Error: Program "/ndk-build.cmd" not found in PATH
PATH=[/usr/local/bin:/usr/bin:/bin:/usr/local/games:/usr/games]
13:37:49 **** Auto Build of configuration Default for project OpenCV Sample - native-activity ****
/ndk-build.cmd 
Cannot run program "/ndk-build.cmd": Unknown reason

Error: Program "/ndk-build.cmd" not found in PATH
PATH=[/usr/local/bin:/usr/bin:/bin:/usr/local/games:/usr/games]
13:37:49 **** Auto Build of configuration Default for project OpenCV Tutorial 2 - Mixed Processing ****
/ndk-build.cmd 
Cannot run program "/ndk-build.cmd": Unknown reason

Error: Program "/ndk-build.cmd" not found in PATH
PATH=[/usr/local/bin:/usr/bin:/bin:/usr/local/games:/usr/games]
13:51:42 **** Incremental Build of configuration Default for project OpenCV Sample - face-detection ****
/ndk-build.cmd 
Cannot run program "/ndk-build.cmd": Unknown reason

Error: Program "/ndk-build.cmd" not found in PATH
PATH=[/usr/local/bin:/usr/bin:/bin:/usr/local/games:/usr/games]
13:51:42 **** Incremental Build of configuration Default for project OpenCV Sample - native-activity ****
/ndk-build.cmd 
Cannot run program "/ndk-build.cmd": Unknown reason

Error: Program "/ndk-build.cmd" not found in PATH
PATH=[/usr/local/bin:/usr/bin:/bin:/usr/local/games:/usr/games]
13:51:42 **** Incremental Build of configuration Default for project OpenCV Tutorial 2 - Mixed Processing ****
/ndk-build.cmd 
Cannot run program "/ndk-build.cmd": Unknown reason

Error: Program "/ndk-build.cmd" not found in PATH
PATH=[/usr/local/bin:/usr/bin:/bin:/usr/local/games:/usr/games]
15:57:35 **** Incremental Build of configuration Default for project OpenCV Sample - face-detection ****
/ndk-build.cmd 
Cannot run program "/ndk-build.cmd": Unknown reason

Error: Program "/ndk-build.cmd" not found in PATH
PATH=[/usr/local/bin:/usr/bin:/bin:/usr/local/games:/usr/games]
15:57:35 **** Incremental Build of configuration Default for project OpenCV Sample - native-activity ****
/ndk-build.cmd 
Cannot run program "/ndk-build.cmd": Unknown reason

Error: Program "/ndk-build.cmd" not found in PATH
PATH=[/usr/local/bin:/usr/bin:/bin:/usr/local/games:/usr/games]
15:57:35 **** Incremental Build of configuration Default for project OpenCV Tutorial 2 - Mixed Processing ****
/ndk-build.cmd 
Cannot run program "/ndk-build.cmd": Unknown reason

Error: Program "/ndk-build.cmd" not found in PATH
PATH=[/usr/local/bin:/usr/bin:/bin:/usr/local/games:/usr/games]
15:59:19 **** Build of configuration Default for project OpenCV Tutorial 2 - Mixed Processing ****
/ndk-build.cmd 
Cannot run program "/ndk-build.cmd": Unknown reason

Error: Program "/ndk-build.cmd" not found in PATH
PATH=[/usr/local/bin:/usr/bin:/bin:/usr/local/games:/usr/games]
15:59:19 **** Build of configuration Default for project OpenCV Sample - native-activity ****
/ndk-build.cmd 
Cannot run program "/ndk-build.cmd": Unknown reason

Error: Program "/ndk-build.cmd" not found in PATH
PATH=[/usr/local/bin:/usr/bin:/bin:/usr/local/games:/usr/games]
15:59:20 **** Build of configuration Default for project OpenCV Sample - face-detection ****
/ndk-build.cmd 
Cannot run program "/ndk-build.cmd": Unknown reason

Error: Program "/ndk-build.cmd" not found in PATH
PATH=[/usr/local/bin:/usr/bin:/bin:/usr/local/games:/usr/games]
15:59:27 **** Auto Build of configuration Default for project OpenCV Sample - face-detection ****
/ndk-build.cmd 
Cannot run program "/ndk-build.cmd": Unknown reason

Error: Program "/ndk-build.cmd" not found in PATH
PATH=[/usr/local/bin:/usr/bin:/bin:/usr/local/games:/usr/games]
15:59:27 **** Auto Build of configuration Default for project OpenCV Sample - native-activity ****
/ndk-build.cmd 
Cannot run program "/ndk-build.cmd": Unknown reason

Error: Program "/ndk-build.cmd" not found in PATH
PATH=[/usr/local/bin:/usr/bin:/bin:/usr/local/games:/usr/games]
15:59:27 **** Auto Build of configuration Default for project OpenCV Tutorial 2 - Mixed Processing ****
/ndk-build.cmd 
Cannot run program "/ndk-build.cmd": Unknown reason

Error: Program "/ndk-build.cmd" not found in PATH
PATH=[/usr/local/bin:/usr/bin:/bin:/usr/local/games:/usr/games]
15:59:29 **** Auto Build of configuration Default for project OpenCV Sample - face-detection ****
/ndk-build.cmd 
Cannot run program "/ndk-build.cmd": Unknown reason

Error: Program "/ndk-build.cmd" not found in PATH
PATH=[/usr/local/bin:/usr/bin:/bin:/usr/local/games:/usr/games]
15:59:29 **** Auto Build of configuration Default for project OpenCV Sample - native-activity ****
/ndk-build.cmd 
Cannot run program "/ndk-build.cmd": Unknown reason

Error: Program "/ndk-build.cmd" not found in PATH
PATH=[/usr/local/bin:/usr/bin:/bin:/usr/local/games:/usr/games]
15:59:30 **** Auto Build of configuration Default for project OpenCV Tutorial 2 - Mixed Processing ****
/ndk-build.cmd 
Cannot run program "/ndk-build.cmd": Unknown reason

Error: Program "/ndk-build.cmd" not found in PATH
PATH=[/usr/local/bin:/usr/bin:/bin:/usr/local/games:/usr/games]
16:20:07 **** Build of configuration Default for project OpenCV Tutorial 2 - Mixed Processing ****
/ndk-build.cmd 
Cannot run program "/ndk-build.cmd": Unknown reason

Error: Program "/ndk-build.cmd" not found in PATH
PATH=[/usr/local/bin:/usr/bin:/bin:/usr/local/games:/usr/games]
16:20:08 **** Build of configuration Default for project OpenCV Sample - face-detection ****
/ndk-build.cmd 
Cannot run program "/ndk-build.cmd": Unknown reason

Error: Program "/ndk-build.cmd" not found in PATH
PATH=[/usr/local/bin:/usr/bin:/bin:/usr/local/games:/usr/games]
16:20:08 **** Build of configuration Default for project OpenCV Sample - native-activity ****
/ndk-build.cmd 
Cannot run program "/ndk-build.cmd": Unknown reason

Error: Program "/ndk-build.cmd" not found in PATH
PATH=[/usr/local/bin:/usr/bin:/bin:/usr/local/games:/usr/games]
16:20:15 **** Auto Build of configuration Default for project OpenCV Sample - face-detection ****
/ndk-build.cmd 
Cannot run program "/ndk-build.cmd": Unknown reason

Error: Program "/ndk-build.cmd" not found in PATH
PATH=[/usr/local/bin:/usr/bin:/bin:/usr/local/games:/usr/games]
16:20:15 **** Auto Build of configuration Default for project OpenCV Sample - native-activity ****
/ndk-build.cmd 
Cannot run program "/ndk-build.cmd": Unknown reason

Error: Program "/ndk-build.cmd" not found in PATH
PATH=[/usr/local/bin:/usr/bin:/bin:/usr/local/games:/usr/games]
16:20:15 **** Auto Build of configuration Default for project OpenCV Tutorial 2 - Mixed Processing ****
/ndk-build.cmd 
Cannot run program "/ndk-build.cmd": Unknown reason

Error: Program "/ndk-build.cmd" not found in PATH
PATH=[/usr/local/bin:/usr/bin:/bin:/usr/local/games:/usr/games]
16:20:54 **** Auto Build of configuration Default for project OpenCV Sample - face-detection ****
/ndk-build.cmd 
Cannot run program "/ndk-build.cmd": Unknown reason

Error: Program "/ndk-build.cmd" not found in PATH
PATH=[/usr/local/bin:/usr/bin:/bin:/usr/local/games:/usr/games]
16:20:54 **** Auto Build of configuration Default for project OpenCV Sample - native-activity ****
/ndk-build.cmd 
Cannot run program "/ndk-build.cmd": Unknown reason

Error: Program "/ndk-build.cmd" not found in PATH
PATH=[/usr/local/bin:/usr/bin:/bin:/usr/local/games:/usr/games]
16:20:54 **** Auto Build of configuration Default for project OpenCV Tutorial 2 - Mixed Processing ****
/ndk-build.cmd 
Cannot run program "/ndk-build.cmd": Unknown reason

Error: Program "/ndk-build.cmd" not found in PATH
PATH=[/usr/local/bin:/usr/bin:/bin:/usr/local/games:/usr/games]
17:24:11 **** Build of configuration Default for project OpenCV Tutorial 2 - Mixed Processing ****
/ndk-build.cmd 
Cannot run program "/ndk-build.cmd": Unknown reason

Error: Program "/ndk-build.cmd" not found in PATH
PATH=[/usr/local/bin:/usr/bin:/bin:/usr/local/games:/usr/games]
17:24:11 **** Build of configuration Default for project OpenCV Sample - native-activity ****
/ndk-build.cmd 
Cannot run program "/ndk-build.cmd": Unknown reason

Error: Program "/ndk-build.cmd" not found in PATH
PATH=[/usr/local/bin:/usr/bin:/bin:/usr/local/games:/usr/games]
17:24:11 **** Build of configuration Default for project OpenCV Sample - face-detection ****
/ndk-build.cmd 
Cannot run program "/ndk-build.cmd": Unknown reason

Error: Program "/ndk-build.cmd" not found in PATH
PATH=[/usr/local/bin:/usr/bin:/bin:/usr/local/games:/usr/games]
17:24:18 **** Auto Build of configuration Default for project OpenCV Sample - face-detection ****
/ndk-build.cmd 
Cannot run program "/ndk-build.cmd": Unknown reason

Error: Program "/ndk-build.cmd" not found in PATH
PATH=[/usr/local/bin:/usr/bin:/bin:/usr/local/games:/usr/games]
17:24:18 **** Auto Build of configuration Default for project OpenCV Sample - native-activity ****
/ndk-build.cmd 
Cannot run program "/ndk-build.cmd": Unknown reason

Error: Program "/ndk-build.cmd" not found in PATH
PATH=[/usr/local/bin:/usr/bin:/bin:/usr/local/games:/usr/games]
17:24:19 **** Auto Build of configuration Default for project OpenCV Tutorial 2 - Mixed Processing ****
/ndk-build.cmd 
Cannot run program "/ndk-build.cmd": Unknown reason

Error: Program "/ndk-build.cmd" not found in PATH
PATH=[/usr/local/bin:/usr/bin:/bin:/usr/local/games:/usr/games]
17:24:21 **** Auto Build of configuration Default for project OpenCV Sample - face-detection ****
/ndk-build.cmd 
Cannot run program "/ndk-build.cmd": Unknown reason

Error: Program "/ndk-build.cmd" not found in PATH
PATH=[/usr/local/bin:/usr/bin:/bin:/usr/local/games:/usr/games]
17:24:21 **** Auto Build of configuration Default for project OpenCV Sample - native-activity ****
/ndk-build.cmd 
Cannot run program "/ndk-build.cmd": Unknown reason

Error: Program "/ndk-build.cmd" not found in PATH
PATH=[/usr/local/bin:/usr/bin:/bin:/usr/local/games:/usr/games]
17:24:21 **** Auto Build of configuration Default for project OpenCV Tutorial 2 - Mixed Processing ****
/ndk-build.cmd 
Cannot run program "/ndk-build.cmd": Unknown reason

Error: Program "/ndk-build.cmd" not found in PATH
PATH=[/usr/local/bin:/usr/bin:/bin:/usr/local/games:/usr/games]
17:31:30 **** Incremental Build of configuration Default for project OpenCV Sample - face-detection ****
/ndk-build.cmd 
Cannot run program "/ndk-build.cmd": Unknown reason

Error: Program "/ndk-build.cmd" not found in PATH
PATH=[/usr/local/bin:/usr/bin:/bin:/usr/local/games:/usr/games]
17:31:30 **** Incremental Build of configuration Default for project OpenCV Sample - native-activity ****
/ndk-build.cmd 
Cannot run program "/ndk-build.cmd": Unknown reason

Error: Program "/ndk-build.cmd" not found in PATH
PATH=[/usr/local/bin:/usr/bin:/bin:/usr/local/games:/usr/games]
17:31:30 **** Incremental Build of configuration Default for project OpenCV Tutorial 2 - Mixed Processing ****
/ndk-build.cmd 
Cannot run program "/ndk-build.cmd": Unknown reason

Error: Program "/ndk-build.cmd" not found in PATH
PATH=[/usr/local/bin:/usr/bin:/bin:/usr/local/games:/usr/games]
17:33:14 **** Build of configuration Default for project OpenCV Tutorial 2 - Mixed Processing ****
/ndk-build.cmd 
Cannot run program "/ndk-build.cmd": Unknown reason

Error: Program "/ndk-build.cmd" not found in PATH
PATH=[/usr/local/bin:/usr/bin:/bin:/usr/local/games:/usr/games]
17:33:15 **** Build of configuration Default for project OpenCV Sample - native-activity ****
/ndk-build.cmd 
Cannot run program "/ndk-build.cmd": Unknown reason

Error: Program "/ndk-build.cmd" not found in PATH
PATH=[/usr/local/bin:/usr/bin:/bin:/usr/local/games:/usr/games]
17:33:15 **** Build of configuration Default for project OpenCV Sample - face-detection ****
/ndk-build.cmd 
Cannot run program "/ndk-build.cmd": Unknown reason

Error: Program "/ndk-build.cmd" not found in PATH
PATH=[/usr/local/bin:/usr/bin:/bin:/usr/local/games:/usr/games]
17:33:21 **** Auto Build of configuration Default for project OpenCV Sample - face-detection ****
/ndk-build.cmd 
Cannot run program "/ndk-build.cmd": Unknown reason

Error: Program "/ndk-build.cmd" not found in PATH
PATH=[/usr/local/bin:/usr/bin:/bin:/usr/local/games:/usr/games]
17:33:21 **** Auto Build of configuration Default for project OpenCV Sample - native-activity ****
/ndk-build.cmd 
Cannot run program "/ndk-build.cmd": Unknown reason

Error: Program "/ndk-build.cmd" not found in PATH
PATH=[/usr/local/bin:/usr/bin:/bin:/usr/local/games:/usr/games]
17:33:21 **** Auto Build of configuration Default for project OpenCV Tutorial 2 - Mixed Processing ****
/ndk-build.cmd 
Cannot run program "/ndk-build.cmd": Unknown reason

Error: Program "/ndk-build.cmd" not found in PATH
PATH=[/usr/local/bin:/usr/bin:/bin:/usr/local/games:/usr/games]
17:33:23 **** Auto Build of configuration Default for project OpenCV Sample - face-detection ****
/ndk-build.cmd 
Cannot run program "/ndk-build.cmd": Unknown reason

Error: Program "/ndk-build.cmd" not found in PATH
PATH=[/usr/local/bin:/usr/bin:/bin:/usr/local/games:/usr/games]
17:33:23 **** Auto Build of configuration Default for project OpenCV Sample - native-activity ****
/ndk-build.cmd 
Cannot run program "/ndk-build.cmd": Unknown reason

Error: Program "/ndk-build.cmd" not found in PATH
PATH=[/usr/local/bin:/usr/bin:/bin:/usr/local/games:/usr/games]
17:33:24 **** Auto Build of configuration Default for project OpenCV Tutorial 2 - Mixed Processing ****
/ndk-build.cmd 
Cannot run program "/ndk-build.cmd": Unknown reason

Error: Program "/ndk-build.cmd" not found in PATH
PATH=[/usr/local/bin:/usr/bin:/bin:/usr/local/games:/usr/games]
17:33:35 **** Auto Build of configuration Default for project OpenCV Sample - face-detection ****
/ndk-build.cmd 
Cannot run program "/ndk-build.cmd": Unknown reason

Error: Program "/ndk-build.cmd" not found in PATH
PATH=[/usr/local/bin:/usr/bin:/bin:/usr/local/games:/usr/games]
17:33:35 **** Auto Build of configuration Default for project OpenCV Sample - native-activity ****
/ndk-build.cmd 
Cannot run program "/ndk-build.cmd": Unknown reason

Error: Program "/ndk-build.cmd" not found in PATH
PATH=[/usr/local/bin:/usr/bin:/bin:/usr/local/games:/usr/games]
17:33:36 **** Auto Build of configuration Default for project OpenCV Tutorial 2 - Mixed Processing ****
/ndk-build.cmd 
Cannot run program "/ndk-build.cmd": Unknown reason

Error: Program "/ndk-build.cmd" not found in PATH
PATH=[/usr/local/bin:/usr/bin:/bin:/usr/local/games:/usr/games]
17:36:00 **** Incremental Build of configuration Default for project OpenCV Sample - face-detection ****
/ndk-build.cmd 
Cannot run program "/ndk-build.cmd": Unknown reason

Error: Program "/ndk-build.cmd" not found in PATH
PATH=[/usr/local/bin:/usr/bin:/bin:/usr/local/games:/usr/games]
17:36:01 **** Auto Build of configuration Default for project OpenCV Sample - face-detection ****
/ndk-build.cmd 
Cannot run program "/ndk-build.cmd": Unknown reason

Error: Program "/ndk-build.cmd" not found in PATH
PATH=[/usr/local/bin:/usr/bin:/bin:/usr/local/games:/usr/games]
17:42:11 **** Build of configuration Default for project OpenCV Tutorial 2 - Mixed Processing ****
/ndk-build.cmd 
Cannot run program "/ndk-build.cmd": Unknown reason

Error: Program "/ndk-build.cmd" not found in PATH
PATH=[/usr/local/bin:/usr/bin:/bin:/usr/local/games:/usr/games]
17:42:11 **** Build of configuration Default for project OpenCV Sample - native-activity ****
/ndk-build.cmd 
Cannot run program "/ndk-build.cmd": Unknown reason

Error: Program "/ndk-build.cmd" not found in PATH
PATH=[/usr/local/bin:/usr/bin:/bin:/usr/local/games:/usr/games]
17:42:12 **** Build of configuration Default for project OpenCV Sample - face-detection ****
/ndk-build.cmd 
Cannot run program "/ndk-build.cmd": Unknown reason

Error: Program "/ndk-build.cmd" not found in PATH
PATH=[/usr/local/bin:/usr/bin:/bin:/usr/local/games:/usr/games]
17:42:18 **** Auto Build of configuration Default for project OpenCV Sample - face-detection ****
/ndk-build.cmd 
Cannot run program "/ndk-build.cmd": Unknown reason

Error: Program "/ndk-build.cmd" not found in PATH
PATH=[/usr/local/bin:/usr/bin:/bin:/usr/local/games:/usr/games]
17:42:19 **** Auto Build of configuration Default for project OpenCV Sample - native-activity ****
/ndk-build.cmd 
Cannot run program "/ndk-build.cmd": Unknown reason

Error: Program "/ndk-build.cmd" not found in PATH
PATH=[/usr/local/bin:/usr/bin:/bin:/usr/local/games:/usr/games]
17:42:19 **** Auto Build of configuration Default for project OpenCV Tutorial 2 - Mixed Processing ****
/ndk-build.cmd 
Cannot run program "/ndk-build.cmd": Unknown reason

Error: Program "/ndk-build.cmd" not found in PATH
PATH=[/usr/local/bin:/usr/bin:/bin:/usr/local/games:/usr/games]
17:42:22 **** Auto Build of configuration Default for project OpenCV Sample - face-detection ****
/ndk-build.cmd 
Cannot run program "/ndk-build.cmd": Unknown reason

Error: Program "/ndk-build.cmd" not found in PATH
PATH=[/usr/local/bin:/usr/bin:/bin:/usr/local/games:/usr/games]
17:42:22 **** Auto Build of configuration Default for project OpenCV Sample - native-activity ****
/ndk-build.cmd 
Cannot run program "/ndk-build.cmd": Unknown reason

Error: Program "/ndk-build.cmd" not found in PATH
PATH=[/usr/local/bin:/usr/bin:/bin:/usr/local/games:/usr/games]
17:42:22 **** Auto Build of configuration Default for project OpenCV Tutorial 2 - Mixed Processing ****
/ndk-build.cmd 
Cannot run program "/ndk-build.cmd": Unknown reason

Error: Program "/ndk-build.cmd" not found in PATH
PATH=[/usr/local/bin:/usr/bin:/bin:/usr/local/games:/usr/games]
