09:26:18 **** Build of configuration Debug for project CamTest ****
make all 
Building file: ../src/CamTest.cpp
Invoking: GCC C++ Compiler
g++ -I/usr/include/opencv -O0 -g3 -Wall -c -fmessage-length=0 -MMD -MP -MF"src/CamTest.d" -MT"src/CamTest.d" -o "src/CamTest.o" "../src/CamTest.cpp"
Finished building: ../src/CamTest.cpp
 
Building target: CamTest
Invoking: GCC C++ Linker
g++  -o "CamTest"  ./src/CamTest.o   -lopencv_core -lopencv_highgui -lopencv_imgproc
Finished building target: CamTest
 
09:26:24 **** Incremental Build of configuration Debug for project CamTest ****
make all 
make: No se hace nada para `all'.
09:28:31 **** Incremental Build of configuration Debug for project CamTest ****
make all 
Building file: ../src/CamTest.cpp
Invoking: GCC C++ Compiler
g++ -I/usr/include/opencv -O0 -g3 -Wall -c -fmessage-length=0 -MMD -MP -MF"src/CamTest.d" -MT"src/CamTest.d" -o "src/CamTest.o" "../src/CamTest.cpp"
Finished building: ../src/CamTest.cpp
 
Building target: CamTest
Invoking: GCC C++ Linker
g++  -o "CamTest"  ./src/CamTest.o   -lopencv_core -lopencv_highgui -lopencv_imgproc
Finished building target: CamTest
 
09:28:56 **** Incremental Build of configuration Debug for project CamTest ****
make all 
Building file: ../src/CamTest.cpp
Invoking: GCC C++ Compiler
g++ -I/usr/include/opencv -O0 -g3 -Wall -c -fmessage-length=0 -MMD -MP -MF"src/CamTest.d" -MT"src/CamTest.d" -o "src/CamTest.o" "../src/CamTest.cpp"
Finished building: ../src/CamTest.cpp
 
Building target: CamTest
Invoking: GCC C++ Linker
g++  -o "CamTest"  ./src/CamTest.o   -lopencv_core -lopencv_highgui -lopencv_imgproc
Finished building target: CamTest
 
09:29:17 **** Incremental Build of configuration Debug for project CamTest ****
make all 
Building file: ../src/CamTest.cpp
Invoking: GCC C++ Compiler
g++ -I/usr/include/opencv -O0 -g3 -Wall -c -fmessage-length=0 -MMD -MP -MF"src/CamTest.d" -MT"src/CamTest.d" -o "src/CamTest.o" "../src/CamTest.cpp"
Finished building: ../src/CamTest.cpp
 
Building target: CamTest
Invoking: GCC C++ Linker
g++  -o "CamTest"  ./src/CamTest.o   -lopencv_core -lopencv_highgui -lopencv_imgproc
Finished building target: CamTest
 
09:29:23 **** Incremental Build of configuration Debug for project CamTest ****
make all 
make: No se hace nada para `all'.
09:29:38 **** Incremental Build of configuration Debug for project CamTest ****
make all 
Building file: ../src/CamTest.cpp
Invoking: GCC C++ Compiler
g++ -I/usr/include/opencv -O0 -g3 -Wall -c -fmessage-length=0 -MMD -MP -MF"src/CamTest.d" -MT"src/CamTest.d" -o "src/CamTest.o" "../src/CamTest.cpp"
Finished building: ../src/CamTest.cpp
 
Building target: CamTest
Invoking: GCC C++ Linker
g++  -o "CamTest"  ./src/CamTest.o   -lopencv_core -lopencv_highgui -lopencv_imgproc
Finished building target: CamTest
 
18:29:03 **** Incremental Build of configuration Debug for project CamTest ****
make all 
make: No se hace nada para `all'.
